<?xml version="1.0" encoding="UTF-8" ?>
<testsuite tests="2" failures="0" name="org.myorg.HttpConnectionTest.HttpConnectionTest" time="0" errors="0" skipped="0">
  <properties>
[...]
</properties>
  <testcase classname="org.myorg.HttpConnectionTest.HttpConnectionTest" name="Given_ApiKey_When_IsNull_Then_CreateCorrectlyConnection" time="0"/>
  <testcase classname="org.myorg.HttpConnectionTest.HttpConnectionTest" name="Given_ApiKey_When_NotIsNull_Then_CreateCorrectlyConnection" time="0"/>
</testsuite>